0 info it worked if it ends with ok
1 verbose cli [ '/home/ubuntu/.nvm/v0.10.28/bin/node',
1 verbose cli   '/home/ubuntu/.nvm/v0.10.28/bin/npm',
1 verbose cli   'publish',
1 verbose cli   './' ]
2 info using npm@1.4.9
3 info using node@v0.10.28
4 verbose publish [ './' ]
5 verbose cache add [ './', null ]
6 verbose cache add name=undefined spec="./" args=["./",null]
7 verbose parsed url { protocol: null,
7 verbose parsed url   slashes: null,
7 verbose parsed url   auth: null,
7 verbose parsed url   host: null,
7 verbose parsed url   port: null,
7 verbose parsed url   hostname: null,
7 verbose parsed url   hash: null,
7 verbose parsed url   search: null,
7 verbose parsed url   query: null,
7 verbose parsed url   pathname: './',
7 verbose parsed url   path: './',
7 verbose parsed url   href: './' }
8 silly lockFile 0ee6c175- ./
9 verbose lock ./ /home/ubuntu/.npm/0ee6c175-.lock
10 verbose tar pack [ '/home/ubuntu/tmp/npm-4088-lKD_hLR0/1422647093490-0.8871060835663229/tmp.tgz',
10 verbose tar pack   './' ]
11 verbose tarball /home/ubuntu/tmp/npm-4088-lKD_hLR0/1422647093490-0.8871060835663229/tmp.tgz
12 verbose folder ./
13 info prepublish acute-express-app@0.1.1
14 silly lockFile 04cb2bca-tar tar://./
15 verbose lock tar://./ /home/ubuntu/.npm/04cb2bca-tar.lock
16 silly lockFile 260c79dd-93490-0-8871060835663229-tmp-tgz tar:///home/ubuntu/tmp/npm-4088-lKD_hLR0/1422647093490-0.8871060835663229/tmp.tgz
17 verbose lock tar:///home/ubuntu/tmp/npm-4088-lKD_hLR0/1422647093490-0.8871060835663229/tmp.tgz /home/ubuntu/.npm/260c79dd-93490-0-8871060835663229-tmp-tgz.lock
18 silly lockFile 04cb2bca-tar tar://./
19 silly lockFile 04cb2bca-tar tar://./
20 silly lockFile 260c79dd-93490-0-8871060835663229-tmp-tgz tar:///home/ubuntu/tmp/npm-4088-lKD_hLR0/1422647093490-0.8871060835663229/tmp.tgz
21 silly lockFile 260c79dd-93490-0-8871060835663229-tmp-tgz tar:///home/ubuntu/tmp/npm-4088-lKD_hLR0/1422647093490-0.8871060835663229/tmp.tgz
22 verbose tar unpack /home/ubuntu/tmp/npm-4088-lKD_hLR0/1422647093490-0.8871060835663229/tmp.tgz
23 silly lockFile 2e00509d--acute-express-app-0-1-1-package tar:///home/ubuntu/.npm/acute-express-app/0.1.1/package
24 verbose lock tar:///home/ubuntu/.npm/acute-express-app/0.1.1/package /home/ubuntu/.npm/2e00509d--acute-express-app-0-1-1-package.lock
25 silly lockFile 260c79dd-93490-0-8871060835663229-tmp-tgz tar:///home/ubuntu/tmp/npm-4088-lKD_hLR0/1422647093490-0.8871060835663229/tmp.tgz
26 verbose lock tar:///home/ubuntu/tmp/npm-4088-lKD_hLR0/1422647093490-0.8871060835663229/tmp.tgz /home/ubuntu/.npm/260c79dd-93490-0-8871060835663229-tmp-tgz.lock
27 silly gunzTarPerm modes [ '755', '644' ]
28 silly gunzTarPerm extractEntry package.json
29 silly gunzTarPerm extractEntry config.js
30 silly gunzTarPerm extractEntry lib/index.js
31 silly gunzTarPerm extractEntry tests/testApp.js
32 silly gunzTarPerm extractEntry tests/testconfig.js
33 silly lockFile 2e00509d--acute-express-app-0-1-1-package tar:///home/ubuntu/.npm/acute-express-app/0.1.1/package
34 silly lockFile 2e00509d--acute-express-app-0-1-1-package tar:///home/ubuntu/.npm/acute-express-app/0.1.1/package
35 silly lockFile 260c79dd-93490-0-8871060835663229-tmp-tgz tar:///home/ubuntu/tmp/npm-4088-lKD_hLR0/1422647093490-0.8871060835663229/tmp.tgz
36 silly lockFile 260c79dd-93490-0-8871060835663229-tmp-tgz tar:///home/ubuntu/tmp/npm-4088-lKD_hLR0/1422647093490-0.8871060835663229/tmp.tgz
37 silly lockFile 0ee6c175- ./
38 silly lockFile 0ee6c175- ./
39 silly publish { name: 'acute-express-app',
39 silly publish   description: 'An aCute app plugin for using express as the application provider',
39 silly publish   version: '0.1.1',
39 silly publish   main: 'lib/index.js',
39 silly publish   author: { name: 'John O\'Connor', email: 'sax1johno@gmail.com' },
39 silly publish   repository:
39 silly publish    { type: 'git',
39 silly publish      url: 'https://github.com/sax1johno/acute-express-app.git' },
39 silly publish   bugs: { url: 'https://github.com/sax1johno/acute-express-app/issues' },
39 silly publish   homepage: 'https://github.com/sax1johno/acute-express-app',
39 silly publish   keywords: [ 'acute', 'express', 'app' ],
39 silly publish   license: 'MIT',
39 silly publish   contributors: [ { name: 'John O\'Connor', email: 'sax1johno@gmail.com' } ],
39 silly publish   dependencies: { express: '>4', async: '*', underscore: '*', architect: '*' },
39 silly publish   plugin: { provides: [ 'app' ] },
39 silly publish   directories: { test: 'tests' },
39 silly publish   scripts: { test: 'echo "Error: no test specified" && exit 1' },
39 silly publish   readme: 'ERROR: No README data found!',
39 silly publish   _id: 'acute-express-app@0.1.1',
39 silly publish   _shasum: 'ce79ff391ff82285674d28fdf568712e218dc449',
39 silly publish   _from: './' }
40 verbose url raw acute-express-app
41 verbose url resolving [ 'https://registry.npmjs.org/', './acute-express-app' ]
42 verbose url resolved https://registry.npmjs.org/acute-express-app
43 info trying registry request attempt 1 at 19:44:53
44 http PUT https://registry.npmjs.org/acute-express-app
45 http 403 https://registry.npmjs.org/acute-express-app
46 verbose headers { date: 'Fri, 30 Jan 2015 19:44:54 GMT',
46 verbose headers   server: 'CouchDB/1.5.0 (Erlang OTP/R16B03)',
46 verbose headers   'content-type': 'application/json',
46 verbose headers   'cache-control': 'max-age=60',
46 verbose headers   'content-length': '2753',
46 verbose headers   'accept-ranges': 'bytes',
46 verbose headers   via: '1.1 varnish',
46 verbose headers   'x-served-by': 'cache-dfw1834-DFW',
46 verbose headers   'x-cache': 'MISS',
46 verbose headers   'x-cache-hits': '0',
46 verbose headers   'x-timer': 'S1422647093.961219,VS0,VE238',
46 verbose headers   'keep-alive': 'timeout=10, max=50',
46 verbose headers   connection: 'Keep-Alive' }
47 error publish Failed PUT 403
48 error Error: forbidden cannot modify pre-existing version: 0.1.1
48 error old={"name":"acute-express-app","description":"An aCute app plugin for using express as the application provider","version":"0.1.1","main":"lib/index.js","author":{"name":"John O'Connor","email":"sax1johno@gmail.com"},"repository":{"type":"git","url":"https://github.com/sax1johno/acute-express-app.git"},"bugs":{"url":"https://github.com/sax1johno/acute-express-app/issues"},"keywords":["acute","express","app"],"license":"MIT","contributors":[{"name":"John O'Connor","email":"sax1johno@gmail.com"}],"dependencies":{"express":">4.0","async":"*","underscore":"*","architect":"*"},"plugin":{"provides":["app"]},"homepage":"https://github.com/sax1johno/acute-express-app","directories":{"test":"tests"},"scripts":{"test":"echo \"Error: no test specified\" && exit 1"},"_id":"acute-express-app@0.1.1","_shasum":"bb98010be15760620d65b91104e5cd016f201dba","_from":"./","_npmVersion":"1.4.9","_npmUser":{"name":"sax1johno","email":"sax1johno@gmail.com"},"maintainers":[{"name":"sax1johno","email":"sax1johno@gmail.com"}],"dist":{"shasum":"bb98010be15760620d65b91104e5cd016f201dba","tarball":"http://registry.npmjs.org/acute-express-app/-/acute-express-app-0.1.1.tgz"}}
48 error new={"name":"acute-express-app","description":"An aCute app plugin for using express as the application provider","version":"0.1.1","main":"lib/index.js","author":{"name":"John O'Connor","email":"sax1johno@gmail.com"},"repository":{"type":"git","url":"https://github.com/sax1johno/acute-express-app.git"},"bugs":{"url":"https://github.com/sax1johno/acute-express-app/issues"},"homepage":"https://github.com/sax1johno/acute-express-app","keywords":["acute","express","app"],"license":"MIT","contributors":[{"name":"John O'Connor","email":"sax1johno@gmail.com"}],"dependencies":{"express":">4","async":"*","underscore":"*","architect":"*"},"plugin":{"provides":["app"]},"directories":{"test":"tests"},"scripts":{"test":"echo \"Error: no test specified\" && exit 1"},"readme":"ERROR: No README data found!","_id":"acute-express-app@0.1.1","_shasum":"ce79ff391ff82285674d28fdf568712e218dc449","_from":"./","_npmVersion":"1.4.9","_npmUser":{"name":"sax1johno","email":"sax1johno@gmail.com"},"maintainers":[{"name":"sax1johno","email":"sax1johno@gmail.com"}],"dist":{"shasum":"ce79ff391ff82285674d28fdf568712e218dc449","tarball":"http://registry.npmjs.org/acute-express-app/-/acute-express-app-0.1.1.tgz"}}: acute-express-app
48 error     at RegClient.<anonymous> (/home/ubuntu/.nvm/v0.10.28/lib/node_modules/npm/node_modules/npm-registry-client/lib/request.js:273:14)
48 error     at Request._callback (/home/ubuntu/.nvm/v0.10.28/lib/node_modules/npm/node_modules/npm-registry-client/lib/request.js:211:65)
48 error     at Request.self.callback (/home/ubuntu/.nvm/v0.10.28/lib/node_modules/npm/node_modules/request/request.js:123:22)
48 error     at Request.EventEmitter.emit (events.js:98:17)
48 error     at Request.<anonymous> (/home/ubuntu/.nvm/v0.10.28/lib/node_modules/npm/node_modules/request/request.js:893:14)
48 error     at Request.EventEmitter.emit (events.js:117:20)
48 error     at IncomingMessage.<anonymous> (/home/ubuntu/.nvm/v0.10.28/lib/node_modules/npm/node_modules/request/request.js:844:12)
48 error     at IncomingMessage.EventEmitter.emit (events.js:117:20)
48 error     at _stream_readable.js:919:16
48 error     at process._tickCallback (node.js:419:13)
49 error If you need help, you may report this *entire* log,
49 error including the npm and node versions, at:
49 error     <http://github.com/npm/npm/issues>
50 error System Linux 3.14.13-c9
51 error command "/home/ubuntu/.nvm/v0.10.28/bin/node" "/home/ubuntu/.nvm/v0.10.28/bin/npm" "publish" "./"
52 error cwd /home/ubuntu/workspace/plugins/acute-express-app
53 error node -v v0.10.28
54 error npm -v 1.4.9
55 verbose exit [ 1, true ]
